Detecting C compiler ABI info failed to compile with the following output:
Change Dir: D:/自学/nand2tetris/projects/06/build/CMakeFiles/CMakeTmp

Run Build Command(s):D:/mingw-w64/mingw64/bin/make.exe -f Makefile cmTC_96cab/fast && D:/mingw-w64/mingw64/bin/make.exe  -f CMakeFiles/cmTC_96cab.dir/build.make CMakeFiles/cmTC_96cab.dir/build
make.exe[1]: Entering directory 'D:/自学/nand2tetris/projects/06/build/CMakeFiles/CMakeTmp'
/usr/bin/sh: D:/cmake/bin/cmake.exe -E cmake_echo_color --switch= --progress-dir=D:/閼奉亜顒?nand2tetris/projects/06/build/CMakeFiles/CMakeTmp/CMakeFiles --progress-num=1 "Building C object CMakeFiles/cmTC_96cab.dir/CMakeCCompilerABI.c.obj": No such file or directory
make.exe[1]: *** [CMakeFiles/cmTC_96cab.dir/build.make:77: CMakeFiles/cmTC_96cab.dir/CMakeCCompilerABI.c.obj] Error 127
make.exe[1]: Leaving directory 'D:/自学/nand2tetris/projects/06/build/CMakeFiles/CMakeTmp'
make.exe: *** [Makefile:127: cmTC_96cab/fast] Error 2




Determining if the C compiler works failed with the following output:
Change Dir: D:/自学/nand2tetris/projects/06/build/CMakeFiles/CMakeTmp

Run Build Command(s):D:/mingw-w64/mingw64/bin/make.exe -f Makefile cmTC_6591e/fast && D:/mingw-w64/mingw64/bin/make.exe  -f CMakeFiles/cmTC_6591e.dir/build.make CMakeFiles/cmTC_6591e.dir/build
make.exe[1]: Entering directory 'D:/自学/nand2tetris/projects/06/build/CMakeFiles/CMakeTmp'
/usr/bin/sh: D:/cmake/bin/cmake.exe -E cmake_echo_color --switch= --progress-dir=D:/閼奉亜顒?nand2tetris/projects/06/build/CMakeFiles/CMakeTmp/CMakeFiles --progress-num=1 "Building C object CMakeFiles/cmTC_6591e.dir/testCCompiler.c.obj": No such file or directory
make.exe[1]: *** [CMakeFiles/cmTC_6591e.dir/build.make:77: CMakeFiles/cmTC_6591e.dir/testCCompiler.c.obj] Error 127
make.exe[1]: Leaving directory 'D:/自学/nand2tetris/projects/06/build/CMakeFiles/CMakeTmp'
make.exe: *** [Makefile:127: cmTC_6591e/fast] Error 2



